<?xml version="1.0" encoding="UTF-8"?>
<!-- Generated by org.testng.reporters.JUnitXMLReporter -->
<testsuite ignored="0" hostname="LAPTOP-LMD2MKNK" failures="1" tests="1" name="Surefire test" time="16.3" errors="0" timestamp="2021-09-27T19:23:53 EDT">
  <testcase classname="automation_test.BicPen_Test" name="validate_Bicpentest" time="0.295">
    <failure type="java.lang.AssertionError" message="expected [Amazon.com: Online Shopping for Electronics, Apparel, Computers, Books, DVDs &amp;amp; more] but found [Amazon.com. Spend less. Smile more.]">
      <![CDATA[java.lang.AssertionError: expected [Amazon.com: Online Shopping for Electronics, Apparel, Computers, Books, DVDs & more] but found [Amazon.com. Spend less. Smile more.]
at automation_test.BicPen_Test.validate_Bicpentest(BicPen_Test.java:16)
at java.base/java.util.ArrayList.forEach(ArrayList.java:1541)
... Removed 38 stack frames]]>
    </failure>
  </testcase> <!-- validate_Bicpentest -->
</testsuite> <!-- Surefire test -->
