<?xml version="1.0" encoding="UTF-8"?>
<testng-results ignored="0" total="2" passed="2" failed="0" skipped="0">
  <reporter-output>
  </reporter-output>
  <suite started-at="2021-05-27T02:32:15 EDT" name="Suite" finished-at="2021-05-27T02:33:22 EDT" duration-ms="67001">
    <groups>
    </groups>
    <test started-at="2021-05-27T02:32:15 EDT" name="Test" finished-at="2021-05-27T02:33:22 EDT" duration-ms="67001">
      <class name="automation_test.BicPen_Test">
        <test-method is-config="true" signature="addThread()[pri:0, instance:automation_test.BicPen_Test@ebb6851]" started-at="2021-05-27T02:32:15 EDT" name="addThread" finished-at="2021-05-27T02:32:15 EDT" duration-ms="25" status="PASS">
          <reporter-output>
          </reporter-output>
        </test-method> <!-- addThread -->
        <test-method is-config="true" signature="openBrowser()[pri:0, instance:automation_test.BicPen_Test@ebb6851]" started-at="2021-05-27T02:32:15 EDT" name="openBrowser" finished-at="2021-05-27T02:32:24 EDT" duration-ms="8498" status="PASS">
          <reporter-output>
          </reporter-output>
        </test-method> <!-- openBrowser -->
        <test-method signature="validate_Bicpentest()[pri:0, instance:automation_test.BicPen_Test@ebb6851]" started-at="2021-05-27T02:32:24 EDT" name="validate_Bicpentest" finished-at="2021-05-27T02:32:49 EDT" duration-ms="25655" status="PASS">
          <reporter-output>
          </reporter-output>
        </test-method> <!-- validate_Bicpentest -->
        <test-method is-config="true" signature="closeBrowser()[pri:0, instance:automation_test.BicPen_Test@ebb6851]" started-at="2021-05-27T02:32:49 EDT" name="closeBrowser" finished-at="2021-05-27T02:32:50 EDT" duration-ms="950" status="PASS">
          <reporter-output>
          </reporter-output>
        </test-method> <!-- closeBrowser -->
      </class> <!-- automation_test.BicPen_Test -->
      <class name="automation_test.BicPen_Test2">
        <test-method is-config="true" signature="addThread()[pri:0, instance:automation_test.BicPen_Test2@70ab2d48]" started-at="2021-05-27T02:32:50 EDT" name="addThread" finished-at="2021-05-27T02:32:50 EDT" duration-ms="0" status="PASS">
          <reporter-output>
          </reporter-output>
        </test-method> <!-- addThread -->
        <test-method is-config="true" signature="openBrowser()[pri:0, instance:automation_test.BicPen_Test2@70ab2d48]" started-at="2021-05-27T02:32:50 EDT" name="openBrowser" finished-at="2021-05-27T02:32:56 EDT" duration-ms="5831" status="PASS">
          <reporter-output>
          </reporter-output>
        </test-method> <!-- openBrowser -->
        <test-method signature="validate_Bicpentest()[pri:0, instance:automation_test.BicPen_Test2@70ab2d48]" started-at="2021-05-27T02:32:56 EDT" name="validate_Bicpentest" finished-at="2021-05-27T02:33:21 EDT" duration-ms="24862" status="PASS">
          <reporter-output>
          </reporter-output>
        </test-method> <!-- validate_Bicpentest -->
        <test-method is-config="true" signature="closeBrowser()[pri:0, instance:automation_test.BicPen_Test2@70ab2d48]" started-at="2021-05-27T02:33:21 EDT" name="closeBrowser" finished-at="2021-05-27T02:33:22 EDT" duration-ms="1057" status="PASS">
          <reporter-output>
          </reporter-output>
        </test-method> <!-- closeBrowser -->
      </class> <!-- automation_test.BicPen_Test2 -->
    </test> <!-- Test -->
  </suite> <!-- Suite -->
</testng-results>
